[2017-10-30 15:36:20] Processing: App\Notifications\EmailConfirmation
[2017-10-30 15:37:05] Processing: App\Notifications\EmailConfirmation
[2017-10-30 15:37:17] Processed:  App\Notifications\EmailConfirmation

                                                           
  [Symfony\Component\Debug\Exception\FatalThrowableError]  
  Class 'Aws\Sqs\SqsClient' not found                      
                                                           


                                                           
  [Symfony\Component\Debug\Exception\FatalThrowableError]  
  Class 'Aws\Sqs\SqsClient' not found                      
                                                           


                                                           
  [Symfony\Component\Debug\Exception\FatalThrowableError]  
  Class 'Aws\Sqs\SqsClient' not found                      
                                                           


                                                           
  [Symfony\Component\Debug\Exception\FatalThrowableError]  
  Class 'Aws\Sqs\SqsClient' not found                      
                                                           


                                                           
  [Symfony\Component\Debug\Exception\FatalThrowableError]  
  Class 'Aws\Sqs\SqsClient' not found                      
                                                           


                                                           
  [Symfony\Component\Debug\Exception\FatalThrowableError]  
  Class 'Aws\Sqs\SqsClient' not found                      
                                                           


                                                           
  [Symfony\Component\Debug\Exception\FatalThrowableError]  
  Class 'Aws\Sqs\SqsClient' not found                      
                                                           


                                                           
  [Symfony\Component\Debug\Exception\FatalThrowableError]  
  Class 'Aws\Sqs\SqsClient' not found                      
                                                           


                                                           
  [Symfony\Component\Debug\Exception\FatalThrowableError]  
  Class 'Aws\Sqs\SqsClient' not found                      
                                                           


                                                           
  [Symfony\Component\Debug\Exception\FatalThrowableError]  
  Class 'Aws\Sqs\SqsClient' not found                      
                                                           


                                                           
  [Symfony\Component\Debug\Exception\FatalThrowableError]  
  Class 'Aws\Sqs\SqsClient' not found                      
                                                           


                                                           
  [Symfony\Component\Debug\Exception\FatalThrowableError]  
  Class 'Aws\Sqs\SqsClient' not found                      
                                                           


                                                           
  [Symfony\Component\Debug\Exception\FatalThrowableError]  
  Class 'Aws\Sqs\SqsClient' not found                      
                                                           


                                                           
  [Symfony\Component\Debug\Exception\FatalThrowableError]  
  Class 'Aws\Sqs\SqsClient' not found                      
                                                           


                                                           
  [Symfony\Component\Debug\Exception\FatalThrowableError]  
  Class 'Aws\Sqs\SqsClient' not found                      
                                                           


                                                           
  [Symfony\Component\Debug\Exception\FatalThrowableError]  
  Class 'Aws\Sqs\SqsClient' not found                      
                                                           


                                                           
  [Symfony\Component\Debug\Exception\FatalThrowableError]  
  Class 'Aws\Sqs\SqsClient' not found                      
                                                           


                                                           
  [Symfony\Component\Debug\Exception\FatalThrowableError]  
  Class 'Aws\Sqs\SqsClient' not found                      
                                                           


                                                           
  [Symfony\Component\Debug\Exception\FatalThrowableError]  
  Class 'Aws\Sqs\SqsClient' not found                      
                                                           


                                                           
  [Symfony\Component\Debug\Exception\FatalThrowableError]  
  Class 'Aws\Sqs\SqsClient' not found                      
                                                           


                                                           
  [Symfony\Component\Debug\Exception\FatalThrowableError]  
  Class 'Aws\Sqs\SqsClient' not found                      
                                                           


                                                           
  [Symfony\Component\Debug\Exception\FatalThrowableError]  
  Class 'Aws\Sqs\SqsClient' not found                      
                                                           


                                                           
  [Symfony\Component\Debug\Exception\FatalThrowableError]  
  Class 'Aws\Sqs\SqsClient' not found                      
                                                           


                                                           
  [Symfony\Component\Debug\Exception\FatalThrowableError]  
  Class 'Aws\Sqs\SqsClient' not found                      
                                                           


                                                           
  [Symfony\Component\Debug\Exception\FatalThrowableError]  
  Class 'Aws\Sqs\SqsClient' not found                      
                                                           


                                                           
  [Symfony\Component\Debug\Exception\FatalThrowableError]  
  Class 'Aws\Sqs\SqsClient' not found                      
                                                           


                                                           
  [Symfony\Component\Debug\Exception\FatalThrowableError]  
  Class 'Aws\Sqs\SqsClient' not found                      
                                                           


                                                           
  [Symfony\Component\Debug\Exception\FatalThrowableError]  
  Class 'Aws\Sqs\SqsClient' not found                      
                                                           


                                                           
  [Symfony\Component\Debug\Exception\FatalThrowableError]  
  Class 'Aws\Sqs\SqsClient' not found                      
                                                           


                                                           
  [Symfony\Component\Debug\Exception\FatalThrowableError]  
  Class 'Aws\Sqs\SqsClient' not found                      
                                                           


                                                           
  [Symfony\Component\Debug\Exception\FatalThrowableError]  
  Class 'Aws\Sqs\SqsClient' not found                      
                                                           


                                                           
  [Symfony\Component\Debug\Exception\FatalThrowableError]  
  Class 'Aws\Sqs\SqsClient' not found                      
                                                           


                                                           
  [Symfony\Component\Debug\Exception\FatalThrowableError]  
  Class 'Aws\Sqs\SqsClient' not found                      
                                                           


                                                           
  [Symfony\Component\Debug\Exception\FatalThrowableError]  
  Class 'Aws\Sqs\SqsClient' not found                      
                                                           


                                                           
  [Symfony\Component\Debug\Exception\FatalThrowableError]  
  Class 'Aws\Sqs\SqsClient' not found                      
                                                           


                                                           
  [Symfony\Component\Debug\Exception\FatalThrowableError]  
  Class 'Aws\Sqs\SqsClient' not found                      
                                                           


                                                           
  [Symfony\Component\Debug\Exception\FatalThrowableError]  
  Class 'Aws\Sqs\SqsClient' not found                      
                                                           


                                                           
  [Symfony\Component\Debug\Exception\FatalThrowableError]  
  Class 'Aws\Sqs\SqsClient' not found                      
                                                           


                                                           
  [Symfony\Component\Debug\Exception\FatalThrowableError]  
  Class 'Aws\Sqs\SqsClient' not found                      
                                                           


                                                           
  [Symfony\Component\Debug\Exception\FatalThrowableError]  
  Class 'Aws\Sqs\SqsClient' not found                      
                                                           


                                                           
  [Symfony\Component\Debug\Exception\FatalThrowableError]  
  Class 'Aws\Sqs\SqsClient' not found                      
                                                           


                                                           
  [Symfony\Component\Debug\Exception\FatalThrowableError]  
  Class 'Aws\Sqs\SqsClient' not found                      
                                                           


                                                           
  [Symfony\Component\Debug\Exception\FatalThrowableError]  
  Class 'Aws\Sqs\SqsClient' not found                      
                                                           


                                                           
  [Symfony\Component\Debug\Exception\FatalThrowableError]  
  Class 'Aws\Sqs\SqsClient' not found                      
                                                           


                                                           
  [Symfony\Component\Debug\Exception\FatalThrowableError]  
  Class 'Aws\Sqs\SqsClient' not found                      
                                                           


                                                           
  [Symfony\Component\Debug\Exception\FatalThrowableError]  
  Class 'Aws\Sqs\SqsClient' not found                      
                                                           


                                                           
  [Symfony\Component\Debug\Exception\FatalThrowableError]  
  Class 'Aws\Sqs\SqsClient' not found                      
                                                           


                                                           
  [Symfony\Component\Debug\Exception\FatalThrowableError]  
  Class 'Aws\Sqs\SqsClient' not found                      
                                                           


                                                           
  [Symfony\Component\Debug\Exception\FatalThrowableError]  
  Class 'Aws\Sqs\SqsClient' not found                      
                                                           


                                                           
  [Symfony\Component\Debug\Exception\FatalThrowableError]  
  Class 'Aws\Sqs\SqsClient' not found                      
                                                           


                                                           
  [Symfony\Component\Debug\Exception\FatalThrowableError]  
  Class 'Aws\Sqs\SqsClient' not found                      
                                                           


                                                           
  [Symfony\Component\Debug\Exception\FatalThrowableError]  
  Class 'Aws\Sqs\SqsClient' not found                      
                                                           


                                                           
  [Symfony\Component\Debug\Exception\FatalThrowableError]  
  Class 'Aws\Sqs\SqsClient' not found                      
                                                           


                                                           
  [Symfony\Component\Debug\Exception\FatalThrowableError]  
  Class 'Aws\Sqs\SqsClient' not found                      
                                                           


                                                           
  [Symfony\Component\Debug\Exception\FatalThrowableError]  
  Class 'Aws\Sqs\SqsClient' not found                      
                                                           


                                                           
  [Symfony\Component\Debug\Exception\FatalThrowableError]  
  Class 'Aws\Sqs\SqsClient' not found                      
                                                           


                                                           
  [Symfony\Component\Debug\Exception\FatalThrowableError]  
  Class 'Aws\Sqs\SqsClient' not found                      
                                                           


                                                           
  [Symfony\Component\Debug\Exception\FatalThrowableError]  
  Class 'Aws\Sqs\SqsClient' not found                      
                                                           


                                                           
  [Symfony\Component\Debug\Exception\FatalThrowableError]  
  Class 'Aws\Sqs\SqsClient' not found                      
                                                           


                                                           
  [Symfony\Component\Debug\Exception\FatalThrowableError]  
  Class 'Aws\Sqs\SqsClient' not found                      
                                                           


                                                           
  [Symfony\Component\Debug\Exception\FatalThrowableError]  
  Class 'Aws\Sqs\SqsClient' not found                      
                                                           


                                                           
  [Symfony\Component\Debug\Exception\FatalThrowableError]  
  Class 'Aws\Sqs\SqsClient' not found                      
                                                           


                                                           
  [Symfony\Component\Debug\Exception\FatalThrowableError]  
  Class 'Aws\Sqs\SqsClient' not found                      
                                                           


                                                           
  [Symfony\Component\Debug\Exception\FatalThrowableError]  
  Class 'Aws\Sqs\SqsClient' not found                      
                                                           


                                                           
  [Symfony\Component\Debug\Exception\FatalThrowableError]  
  Class 'Aws\Sqs\SqsClient' not found                      
                                                           


                                                           
  [Symfony\Component\Debug\Exception\FatalThrowableError]  
  Class 'Aws\Sqs\SqsClient' not found                      
                                                           


                                                           
  [Symfony\Component\Debug\Exception\FatalThrowableError]  
  Class 'Aws\Sqs\SqsClient' not found                      
                                                           


                                                           
  [Symfony\Component\Debug\Exception\FatalThrowableError]  
  Class 'Aws\Sqs\SqsClient' not found                      
                                                           


                                                           
  [Symfony\Component\Debug\Exception\FatalThrowableError]  
  Class 'Aws\Sqs\SqsClient' not found                      
                                                           


                                                           
  [Symfony\Component\Debug\Exception\FatalThrowableError]  
  Class 'Aws\Sqs\SqsClient' not found                      
                                                           


                                                           
  [Symfony\Component\Debug\Exception\FatalThrowableError]  
  Class 'Aws\Sqs\SqsClient' not found                      
                                                           


                                                           
  [Symfony\Component\Debug\Exception\FatalThrowableError]  
  Class 'Aws\Sqs\SqsClient' not found                      
                                                           


                                                           
  [Symfony\Component\Debug\Exception\FatalThrowableError]  
  Class 'Aws\Sqs\SqsClient' not found                      
                                                           


                                                           
  [Symfony\Component\Debug\Exception\FatalThrowableError]  
  Class 'Aws\Sqs\SqsClient' not found                      
                                                           


                                                           
  [Symfony\Component\Debug\Exception\FatalThrowableError]  
  Class 'Aws\Sqs\SqsClient' not found                      
                                                           


                                                           
  [Symfony\Component\Debug\Exception\FatalThrowableError]  
  Class 'Aws\Sqs\SqsClient' not found                      
                                                           


                                                           
  [Symfony\Component\Debug\Exception\FatalThrowableError]  
  Class 'Aws\Sqs\SqsClient' not found                      
                                                           


                                                           
  [Symfony\Component\Debug\Exception\FatalThrowableError]  
  Class 'Aws\Sqs\SqsClient' not found                      
                                                           


                                                           
  [Symfony\Component\Debug\Exception\FatalThrowableError]  
  Class 'Aws\Sqs\SqsClient' not found                      
                                                           


                                                           
  [Symfony\Component\Debug\Exception\FatalThrowableError]  
  Class 'Aws\Sqs\SqsClient' not found                      
                                                           


                                                           
  [Symfony\Component\Debug\Exception\FatalThrowableError]  
  Class 'Aws\Sqs\SqsClient' not found                      
                                                           


                                                           
  [Symfony\Component\Debug\Exception\FatalThrowableError]  
  Class 'Aws\Sqs\SqsClient' not found                      
                                                           


                                                           
  [Symfony\Component\Debug\Exception\FatalThrowableError]  
  Class 'Aws\Sqs\SqsClient' not found                      
                                                           

[2017-10-30 16:04:38] Processing: App\Notifications\EmailConfirmation
[2017-10-30 16:04:41] Processed:  App\Notifications\EmailConfirmation
[2017-10-30 16:10:09] Processing: App\Notifications\EmailConfirmation
[2017-10-30 16:10:13] Processed:  App\Notifications\EmailConfirmation
[2017-11-08 01:40:37] Processing: App\Notifications\EmailConfirmation
[2017-11-08 01:40:41] Processed:  App\Notifications\EmailConfirmation
[2017-11-08 14:45:16] Processing: App\Notifications\EmailConfirmation
[2017-11-08 14:45:19] Processed:  App\Notifications\EmailConfirmation
[2017-11-08 14:53:14] Processing: App\Notifications\EmailConfirmation
[2017-11-08 14:53:17] Processed:  App\Notifications\EmailConfirmation
[2017-11-08 14:59:32] Processing: App\Notifications\EmailConfirmation
[2017-11-08 14:59:35] Processed:  App\Notifications\EmailConfirmation
[2017-11-08 15:09:08] Processing: App\Notifications\EmailConfirmation
[2017-11-08 15:09:11] Processed:  App\Notifications\EmailConfirmation
[2017-11-14 20:42:06] Processing: App\Notifications\EmailConfirmation
[2017-11-14 20:42:09] Processed:  App\Notifications\EmailConfirmation
[2017-11-15 12:27:33] Processing: App\Notifications\EmailConfirmation
[2017-11-15 12:27:40] Processed:  App\Notifications\EmailConfirmation
[2017-11-19 23:50:39] Processing: App\Notifications\EmailConfirmation
[2017-11-19 23:50:42] Processed:  App\Notifications\EmailConfirmation
[2017-11-20 16:07:22] Processing: App\Notifications\EmailConfirmation
[2017-11-20 16:07:28] Processed:  App\Notifications\EmailConfirmation
[2017-11-20 17:22:10] Processing: App\Notifications\EmailConfirmation
[2017-11-20 17:22:13] Processed:  App\Notifications\EmailConfirmation
[2017-12-11 17:49:05] Processing: App\Notifications\EmailConfirmation
[2017-12-11 17:49:08] Processed:  App\Notifications\EmailConfirmation
[2018-01-08 07:50:43] Processing: App\Notifications\EmailConfirmation
[2018-01-08 07:50:47] Processed:  App\Notifications\EmailConfirmation
[2018-01-08 14:15:04] Processing: App\Events\DoctorAuthorization
[2018-01-08 14:15:04] Processing: App\Listeners\DoctorAuthorizationListener
[2018-01-08 14:15:04] Processed:  App\Events\DoctorAuthorization
[2018-01-08 14:15:04] Processed:  App\Listeners\DoctorAuthorizationListener
[2018-01-08 14:17:25] Processing: App\Events\DoctorAuthorization
[2018-01-08 14:17:25] Processing: App\Listeners\DoctorAuthorizationListener
[2018-01-08 14:17:25] Processed:  App\Events\DoctorAuthorization
[2018-01-08 14:17:25] Processed:  App\Listeners\DoctorAuthorizationListener
[2018-01-08 14:20:23] Processing: App\Events\DoctorAuthorization
[2018-01-08 14:20:24] Processing: App\Listeners\DoctorAuthorizationListener
[2018-01-08 14:20:24] Processed:  App\Events\DoctorAuthorization
[2018-01-08 14:20:24] Processed:  App\Listeners\DoctorAuthorizationListener
[2018-01-08 14:20:25] Processing: App\Events\DoctorAuthorization
[2018-01-08 14:20:25] Processing: App\Listeners\DoctorAuthorizationListener
[2018-01-08 14:20:25] Processed:  App\Events\DoctorAuthorization
[2018-01-08 14:20:25] Processed:  App\Listeners\DoctorAuthorizationListener
[2018-01-08 14:20:25] Processing: App\Events\DoctorAuthorization
[2018-01-08 14:20:25] Processing: App\Listeners\DoctorAuthorizationListener
[2018-01-08 14:20:25] Processed:  App\Events\DoctorAuthorization
[2018-01-08 14:20:25] Processed:  App\Listeners\DoctorAuthorizationListener
[2018-01-08 14:20:43] Processing: App\Events\DoctorAuthorization
[2018-01-08 14:20:43] Processing: App\Listeners\DoctorAuthorizationListener
[2018-01-08 14:20:43] Processed:  App\Events\DoctorAuthorization
[2018-01-08 14:20:43] Processed:  App\Listeners\DoctorAuthorizationListener
[2018-01-08 14:22:39] Processing: App\Events\DoctorAuthorization
[2018-01-08 14:22:39] Processing: App\Listeners\DoctorAuthorizationListener
[2018-01-08 14:22:39] Processed:  App\Events\DoctorAuthorization
[2018-01-08 14:22:39] Processed:  App\Listeners\DoctorAuthorizationListener
[2018-01-08 14:22:47] Processing: App\Events\DoctorAuthorization
[2018-01-08 14:22:47] Processing: App\Listeners\DoctorAuthorizationListener
[2018-01-08 14:22:47] Processed:  App\Events\DoctorAuthorization
[2018-01-08 14:22:47] Processed:  App\Listeners\DoctorAuthorizationListener
[2018-01-08 14:25:51] Processing: App\Events\DoctorAuthorization
[2018-01-08 14:25:51] Processing: App\Listeners\DoctorAuthorizationListener
[2018-01-08 14:25:51] Processed:  App\Events\DoctorAuthorization
[2018-01-08 14:25:51] Processed:  App\Listeners\DoctorAuthorizationListener
[2018-01-08 14:25:53] Processing: App\Events\DoctorAuthorization
[2018-01-08 14:25:53] Processing: App\Listeners\DoctorAuthorizationListener
[2018-01-08 14:25:53] Processed:  App\Events\DoctorAuthorization
[2018-01-08 14:25:53] Processed:  App\Listeners\DoctorAuthorizationListener
[2018-01-08 14:25:54] Processing: App\Events\DoctorAuthorization
[2018-01-08 14:25:54] Processing: App\Listeners\DoctorAuthorizationListener
[2018-01-08 14:25:54] Processed:  App\Events\DoctorAuthorization
[2018-01-08 14:25:54] Processed:  App\Listeners\DoctorAuthorizationListener
[2018-01-08 14:38:46] Processing: App\Events\DoctorAuthorization
[2018-01-08 14:38:46] Processing: App\Listeners\DoctorAuthorizationListener
[2018-01-08 14:38:46] Processed:  App\Events\DoctorAuthorization
[2018-01-08 14:38:46] Processed:  App\Listeners\DoctorAuthorizationListener
[2018-01-08 14:38:56] Processing: App\Events\DoctorAuthorization
[2018-01-08 14:38:56] Processing: App\Listeners\DoctorAuthorizationListener
[2018-01-08 14:38:56] Processed:  App\Events\DoctorAuthorization
[2018-01-08 14:38:56] Processed:  App\Listeners\DoctorAuthorizationListener
[2018-01-08 14:38:59] Processing: App\Events\DoctorAuthorization
[2018-01-08 14:38:59] Processing: App\Listeners\DoctorAuthorizationListener
[2018-01-08 14:38:59] Processed:  App\Events\DoctorAuthorization
[2018-01-08 14:38:59] Processed:  App\Listeners\DoctorAuthorizationListener
[2018-01-08 14:39:46] Processing: App\Events\DoctorAuthorization
[2018-01-08 14:39:46] Processing: App\Listeners\DoctorAuthorizationListener
[2018-01-08 14:39:46] Processed:  App\Events\DoctorAuthorization
[2018-01-08 14:39:46] Processed:  App\Listeners\DoctorAuthorizationListener
[2018-01-08 14:40:37] Processing: App\Events\DoctorAuthorization
[2018-01-08 14:40:37] Processing: App\Listeners\DoctorAuthorizationListener
[2018-01-08 14:40:37] Processed:  App\Events\DoctorAuthorization
[2018-01-08 14:40:37] Processed:  App\Listeners\DoctorAuthorizationListener
[2018-01-08 14:40:40] Processing: App\Events\DoctorAuthorization
[2018-01-08 14:40:40] Processing: App\Listeners\DoctorAuthorizationListener
[2018-01-08 14:40:40] Processed:  App\Events\DoctorAuthorization
[2018-01-08 14:40:40] Processed:  App\Listeners\DoctorAuthorizationListener
[2018-01-08 14:40:41] Processing: App\Events\DoctorAuthorization
[2018-01-08 14:40:41] Processing: App\Listeners\DoctorAuthorizationListener
[2018-01-08 14:40:42] Processed:  App\Events\DoctorAuthorization
[2018-01-08 14:40:42] Processing: App\Events\DoctorAuthorization
[2018-01-08 14:40:42] Processed:  App\Listeners\DoctorAuthorizationListener
[2018-01-08 14:40:42] Processing: App\Listeners\DoctorAuthorizationListener
[2018-01-08 14:40:42] Processed:  App\Listeners\DoctorAuthorizationListener
[2018-01-08 14:40:42] Processed:  App\Events\DoctorAuthorization
[2018-01-08 14:40:52] Processing: App\Events\DoctorAuthorization
[2018-01-08 14:40:52] Processing: App\Listeners\DoctorAuthorizationListener
[2018-01-08 14:40:52] Processed:  App\Events\DoctorAuthorization
[2018-01-08 14:40:52] Processed:  App\Listeners\DoctorAuthorizationListener
[2018-01-08 14:46:34] Processing: App\Events\DoctorAuthorization
[2018-01-08 14:46:34] Processing: App\Listeners\DoctorAuthorizationListener
[2018-01-08 14:46:34] Processed:  App\Events\DoctorAuthorization
[2018-01-08 14:46:34] Processed:  App\Listeners\DoctorAuthorizationListener
[2018-01-08 14:56:08] Processing: App\Events\DoctorAuthorization
[2018-01-08 14:56:08] Processing: App\Listeners\DoctorAuthorizationListener
[2018-01-08 14:56:08] Processed:  App\Events\DoctorAuthorization
[2018-01-08 14:56:08] Processed:  App\Listeners\DoctorAuthorizationListener
[2018-01-08 14:56:36] Processing: App\Events\DoctorAuthorization
[2018-01-08 14:56:36] Processed:  App\Events\DoctorAuthorization
[2018-01-08 14:56:36] Processing: App\Listeners\DoctorAuthorizationListener
[2018-01-08 14:56:36] Processed:  App\Listeners\DoctorAuthorizationListener
[2018-01-08 15:02:15] Processing: App\Events\DoctorAuthorization
[2018-01-08 15:02:15] Processing: App\Listeners\DoctorAuthorizationListener
[2018-01-08 15:02:15] Processed:  App\Events\DoctorAuthorization
[2018-01-08 15:02:15] Processed:  App\Listeners\DoctorAuthorizationListener
[2018-01-08 15:02:24] Processing: App\Events\DoctorAuthorization
[2018-01-08 15:02:24] Processing: App\Listeners\DoctorAuthorizationListener
[2018-01-08 15:02:24] Processed:  App\Events\DoctorAuthorization
[2018-01-08 15:02:24] Processed:  App\Listeners\DoctorAuthorizationListener
[2018-01-08 15:23:52] Processing: App\Events\DoctorAuthorization
[2018-01-08 15:23:52] Processing: App\Listeners\DoctorAuthorizationListener
[2018-01-08 15:23:52] Processed:  App\Events\DoctorAuthorization
[2018-01-08 15:23:52] Processed:  App\Listeners\DoctorAuthorizationListener
[2018-01-08 15:24:01] Processing: App\Events\DoctorAuthorization
[2018-01-08 15:24:01] Processing: App\Listeners\DoctorAuthorizationListener
[2018-01-08 15:24:01] Processed:  App\Events\DoctorAuthorization
[2018-01-08 15:24:01] Processed:  App\Listeners\DoctorAuthorizationListener
[2018-01-08 15:29:38] Processing: App\Events\DoctorAuthorization
[2018-01-08 15:29:38] Processed:  App\Events\DoctorAuthorization
[2018-01-08 15:29:38] Processing: App\Listeners\DoctorAuthorizationListener
[2018-01-08 15:29:38] Processed:  App\Listeners\DoctorAuthorizationListener
[2018-01-08 15:29:40] Processing: App\Events\DoctorAuthorization
[2018-01-08 15:29:41] Processing: App\Listeners\DoctorAuthorizationListener
[2018-01-08 15:29:41] Processed:  App\Events\DoctorAuthorization
[2018-01-08 15:29:41] Processed:  App\Listeners\DoctorAuthorizationListener
[2018-01-08 15:30:11] Processing: App\Events\DoctorAuthorization
[2018-01-08 15:30:11] Processing: App\Listeners\DoctorAuthorizationListener
[2018-01-08 15:30:11] Processed:  App\Events\DoctorAuthorization
[2018-01-08 15:30:11] Processed:  App\Listeners\DoctorAuthorizationListener
[2018-01-08 15:30:38] Processing: App\Events\DoctorAuthorization
[2018-01-08 15:30:38] Processing: App\Listeners\DoctorAuthorizationListener
[2018-01-08 15:30:38] Processed:  App\Events\DoctorAuthorization
[2018-01-08 15:30:38] Processed:  App\Listeners\DoctorAuthorizationListener
[2018-01-08 15:30:42] Processing: App\Events\DoctorAuthorization
[2018-01-08 15:30:42] Processing: App\Listeners\DoctorAuthorizationListener
[2018-01-08 15:30:42] Processed:  App\Events\DoctorAuthorization
[2018-01-08 15:30:42] Processed:  App\Listeners\DoctorAuthorizationListener
[2018-01-08 15:35:02] Processing: App\Events\SendNotification
[2018-01-08 15:35:02] Processing: App\Events\SendNotification
[2018-01-08 15:35:02] Processed:  App\Events\SendNotification
[2018-01-08 15:35:02] Processed:  App\Events\SendNotification
[2018-01-08 15:39:39] Processing: App\Events\SendNotification
[2018-01-08 15:39:39] Processed:  App\Events\SendNotification
[2018-01-08 15:39:47] Processing: App\Events\SendNotification
[2018-01-08 15:39:47] Processed:  App\Events\SendNotification
[2018-01-08 15:39:50] Processing: App\Events\SendNotification
[2018-01-08 15:39:50] Processed:  App\Events\SendNotification
[2018-01-08 15:39:50] Processing: App\Events\SendNotification
[2018-01-08 15:39:50] Processed:  App\Events\SendNotification
[2018-01-08 15:39:51] Processing: App\Events\SendNotification
[2018-01-08 15:39:51] Processed:  App\Events\SendNotification
[2018-01-08 15:39:56] Processing: App\Events\SendNotification
[2018-01-08 15:39:56] Processed:  App\Events\SendNotification
[2018-01-08 15:39:59] Processing: App\Events\SendNotification
[2018-01-08 15:39:59] Processed:  App\Events\SendNotification
[2018-01-08 15:40:05] Processing: App\Events\SendNotification
[2018-01-08 15:40:05] Processed:  App\Events\SendNotification
[2018-01-08 15:40:42] Processing: App\Events\SendNotification
[2018-01-08 15:40:42] Processed:  App\Events\SendNotification
[2018-01-08 15:40:44] Processing: App\Events\SendNotification
[2018-01-08 15:40:44] Processed:  App\Events\SendNotification
[2018-01-09 14:10:00] Processing: App\Notifications\EmailConfirmation
[2018-01-09 14:10:04] Processed:  App\Notifications\EmailConfirmation
[2018-01-11 14:27:43] Processing: App\Notifications\EmailConfirmation
[2018-01-11 14:27:48] Processed:  App\Notifications\EmailConfirmation
